{"name": "Test case 3", "status": "failed", "statusDetails": {"message": "AssertionError: assert 42 == 43", "trace": "@allure.title(\"Test case 3\")\n    @allure.description(\"This is the description of test case 2.\")\n    @allure.label(\"Preconditions\", \"Something must happen before.\")\n    @allure.label(\"Requirements\", \"Requirement 2\", \"Requirement 1\")\n    def test_case_3():\n        allure.attach.file(\n            SCRIPT_PATH + \"/../resources/graph1.png\",\n            name=\"something\",\n            attachment_type=allure.attachment_type.PNG,\n        )\n>       assert 42 == 43\nE       assert 42 == 43\n\npython_example_test/test_2.py:17: AssertionError"}, "description": "This is the description of test case 2.", "attachments": [{"name": "something", "source": "cb7c5851-146a-42d8-ad16-25726ae87771-attachment.png", "type": "image/png"}], "start": 1673462593561, "stop": 1673462593562, "uuid": "fc4f2fc4-3df1-432e-937e-fa547323df3a", "historyId": "05271412ef729664ef1b652d2ed56091", "testCaseId": "a58ad954c81d9f0e6e7df3ae23d55816", "fullName": "test_2#test_case_3", "labels": [{"name": "Requirements", "value": "Requirement 1"}, {"name": "Preconditions", "value": "Something must happen before."}, {"name": "Requirements", "value": "Requirement 2"}, {"name": "suite", "value": "test_2"}, {"name": "host", "value": "bjarne-ThinkPad-T490"}, {"name": "thread", "value": "10421-MainThread"}, {"name": "framework", "value": "pytest"}, {"name": "language", "value": "cpython3"}, {"name": "package", "value": "test_2"}]}