{"name": "Test case 2", "status": "failed", "statusDetails": {"message": "AssertionError: assert 42 == 666", "trace": "request = <FixtureRequest for <Function test_case_2>>\n\n    @allure.title(\"Test case 2\")\n    @allure.description(\"This is the description of test case 2.\")\n    @allure.label(\"Preconditions\", \"Something must happen before.\")\n    @allure.label(\"Requirements\", \"Requirement 2\", \"Requirement 1\")\n    def test_case_2(request):\n        config = request.config\n        some_var = int(config.getini(\"some_var\"))\n>       assert 42 == some_var\nE       assert 42 == 666\n\npython_example_test/test_1.py:19: AssertionError"}, "description": "This is the description of test case 2.", "start": 1673462593545, "stop": 1673462593545, "uuid": "8be8cc1f-3d90-4afb-95fc-0d96a2bca488", "historyId": "f41eb98dda56cea48c9481c9b26413bf", "testCaseId": "24a1f433ec00f61d021b1532477fed45", "fullName": "test_1#test_case_2", "labels": [{"name": "Requirements", "value": "Requirement 1"}, {"name": "Preconditions", "value": "Something must happen before."}, {"name": "Requirements", "value": "Requirement 2"}, {"name": "suite", "value": "test_1"}, {"name": "host", "value": "bjarne-ThinkPad-T490"}, {"name": "thread", "value": "10421-MainThread"}, {"name": "framework", "value": "pytest"}, {"name": "language", "value": "cpython3"}, {"name": "package", "value": "test_1"}]}